<?xml version="1.0" encoding="UTF-8"?>
<!-- Generated by org.testng.reporters.JUnitReportReporter -->
<testsuite hostname="HP-PC" name="com.testing.UrbanLadder" tests="1" failures="0" timestamp="3 Mar 2020 11:07:31 GMT" time="110.837" errors="0">
  <testcase name="openApp" time="110.837" classname="com.testing.UrbanLadder"/>
</testsuite> <!-- com.testing.UrbanLadder -->
